#
# A fatal error has been detected by the Java Runtime Environment:
#
#  EXCEPTION_STACK_OVERFLOW (0xc00000fd) at pc=0x0000000062ae2177, pid=27460, tid=25188
#
# JRE version: Java(TM) SE Runtime Environment (8.0_91-b15) (build 1.8.0_91-b15)
# Java VM: Java HotSpot(TM) 64-Bit Server VM (25.91-b15 mixed mode windows-amd64 compressed oops)
# Problematic frame:
# V  [jvm.dll+0x212177]
#
# Failed to write core dump. Minidumps are not enabled by default on client versions of Windows
#
# If you would like to submit a bug report, please visit:
#   http://bugreport.java.com/bugreport/crash.jsp
#

---------------  T H R E A D  ---------------

Current thread (0x000000006908c800):  JavaThread "Timer-2108" [_thread_in_vm, id=25188, stack(0x00000000a1b00000,0x00000000a1c00000)]

siginfo: ExceptionCode=0xc00000fd, ExceptionInformation=0x0000000000000001 0x00000000a1bfa510 

Registers:
RAX=0x00000000a1bfa510, RBX=0x0000000000000006, RCX=0x0000000000005000, RDX=0x0000000000000006
RSP=0x00000000a1bff510, RBP=0x0000000000000000, RSI=0x00000000a1bff510, RDI=0x0000000000000006
R8 =0x0000000000000006, R9 =0x0000000068e63e30, R10=0x000000001adb4998, R11=0x00000000a1b0a178
R12=0x0000000068e63e30, R13=0x000000006908c800, R14=0x00000000a1bff5d8, R15=0x000000001adb4998
RIP=0x0000000062ae2177, EFLAGS=0x0000000000010202

Top of Stack: (sp=0x00000000a1bff510)
0x00000000a1bff510:   000023f328a8a79d 00000000623f4e7e
0x00000000a1bff520:   000000006908c800 0000000068e63e30
0x00000000a1bff530:   00000000ffffffff 0000000062ae30a7
0x00000000a1bff540:   00000000a1bff640 000000001adb4998
0x00000000a1bff550:   000000006908c800 000000006298f913
0x00000000a1bff560:   00000000a1bff5a0 000000006908c800
0x00000000a1bff570:   00000000a1bff630 000000006908c800
0x00000000a1bff580:   000000001adb4998 000000006908c800
0x00000000a1bff590:   0000000003456e60 000000006908c800
0x00000000a1bff5a0:   000000001adb4998 000000006908c800
0x00000000a1bff5b0:   00000000150ab840 000000006908c800
0x00000000a1bff5c0:   0000000000000001 000000001adb4998
0x00000000a1bff5d0:   000000006908c800 0000000068da9790
0x00000000a1bff5e0:   000000006908c800 0000000062990dfd
0x00000000a1bff5f0:   00000000a1bff8f8 00000001000069a0
0x00000000a1bff600:   0000000100244ee8 0000000000000000 

Instructions: (pc=0x0000000062ae2177)
0x0000000062ae2157:   48 89 6c 24 30 33 ed 66 90 e8 db 37 08 00 ff c3
0x0000000062ae2167:   48 63 c8 48 8b c6 48 0f af cf 48 ff c7 48 2b c1
0x0000000062ae2177:   89 28 48 63 c3 48 3b 05 1d b5 58 00 7e db 48 8b
0x0000000062ae2187:   6c 24 30 48 8b 5c 24 38 48 8b 74 24 40 48 83 c4 


Register to memory mapping:

RAX=0x00000000a1bfa510 is pointing into the stack for thread: 0x000000006908c800
RBX=0x0000000000000006 is an unknown value
RCX=0x0000000000005000 is an unknown value
RDX=0x0000000000000006 is an unknown value
RSP=0x00000000a1bff510 is pointing into the stack for thread: 0x000000006908c800
RBP=0x0000000000000000 is an unknown value
RSI=0x00000000a1bff510 is pointing into the stack for thread: 0x000000006908c800
RDI=0x0000000000000006 is an unknown value
R8 =0x0000000000000006 is an unknown value
R9 =0x0000000068e63e30 is an unknown value
R10={method} {0x000000001adb49a0} 'run' '()V' in 'java/util/TimerThread'
R11=0x00000000a1b0a178 is pointing into the stack for thread: 0x000000006908c800
R12=0x0000000068e63e30 is an unknown value
R13=0x000000006908c800 is a thread
R14=0x00000000a1bff5d8 is pointing into the stack for thread: 0x000000006908c800
R15={method} {0x000000001adb49a0} 'run' '()V' in 'java/util/TimerThread'


Stack: [0x00000000a1b00000,0x00000000a1c00000],  sp=0x00000000a1bff510,  free space=1021k
Native frames: (J=compiled Java code, j=interpreted, Vv=VM code, C=native code)


---------------  P R O C E S S  ---------------

Java Threads: ( => current thread )
  0x0000000069323000 JavaThread "Timer-2405" [_thread_new, id=26384, stack(0x0000000000000000,0x0000000000000000)]
  0x0000000069325000 JavaThread "Timer-2404" [_thread_blocked, id=26380, stack(0x00000000b4500000,0x00000000b4600000)]
  0x0000000069322000 JavaThread "Timer-2403" [_thread_blocked, id=26376, stack(0x00000000b4400000,0x00000000b4500000)]
  0x0000000069327800 JavaThread "Timer-2402" [_thread_new, id=26372, stack(0x0000000000000000,0x0000000000000000)]
  0x0000000069320000 JavaThread "Timer-2401" [_thread_blocked, id=26368, stack(0x00000000b4200000,0x00000000b4300000)]
  0x0000000069326800 JavaThread "Timer-2400" [_thread_blocked, id=26364, stack(0x00000000b4100000,0x00000000b4200000)]
  0x00000000692c2000 JavaThread "Timer-2399" [_thread_blocked, id=26360, stack(0x00000000b4000000,0x00000000b4100000)]
  0x00000000692bc800 JavaThread "Timer-2398" [_thread_new, id=26356, stack(0x0000000000000000,0x0000000000000000)]
  0x00000000692c1000 JavaThread "Timer-2397" [_thread_new, id=26352, stack(0x0000000000000000,0x0000000000000000)]
  0x00000000692c2800 JavaThread "Timer-2396" [_thread_new, id=26348, stack(0x0000000000000000,0x0000000000000000)]
  0x00000000692c0800 JavaThread "Timer-2395" [_thread_new, id=26344, stack(0x0000000000000000,0x0000000000000000)]
  0x00000000692c3800 JavaThread "Timer-2394" [_thread_blocked, id=26340, stack(0x00000000b3b00000,0x00000000b3c00000)]
  0x00000000692bf800 JavaThread "Timer-2393" [_thread_blocked, id=26336, stack(0x00000000b3a00000,0x00000000b3b00000)]
  0x00000000692bf000 JavaThread "Timer-2392" [_thread_new, id=26332, stack(0x0000000000000000,0x0000000000000000)]
  0x00000000692b7800 JavaThread "Timer-2391" [_thread_blocked, id=26328, stack(0x00000000b3800000,0x00000000b3900000)]
  0x00000000692b8000 JavaThread "Timer-2390" [_thread_blocked, id=26324, stack(0x00000000b3700000,0x00000000b3800000)]
  0x00000000692ba800 JavaThread "Timer-2389" [_thread_new, id=26320, stack(0x0000000000000000,0x0000000000000000)]
  0x00000000692b9800 JavaThread "Timer-2388" [_thread_blocked, id=26316, stack(0x00000000b3500000,0x00000000b3600000)]
  0x00000000692bd800 JavaThread "Timer-2387" [_thread_blocked, id=26312, stack(0x00000000b3400000,0x00000000b3500000)]
  0x00000000692bc000 JavaThread "Timer-2386" [_thread_new, id=26308, stack(0x0000000000000000,0x0000000000000000)]
  0x00000000692be000 JavaThread "Timer-2385" [_thread_blocked, id=26304, stack(0x00000000b3200000,0x00000000b3300000)]
  0x00000000692bb000 JavaThread "Timer-2384" [_thread_blocked, id=26300, stack(0x00000000b3100000,0x00000000b3200000)]
  0x00000000692b6800 JavaThread "Timer-2383" [_thread_new, id=26296, stack(0x0000000000000000,0x0000000000000000)]
  0x00000000692b9000 JavaThread "Timer-2382" [_thread_blocked, id=26292, stack(0x00000000b2f00000,0x00000000b3000000)]
  0x00000000692b6000 JavaThread "Timer-2381" [_thread_blocked, id=26288, stack(0x00000000b2e00000,0x00000000b2f00000)]
  0x00000000692b5000 JavaThread "Timer-2380" [_thread_new, id=26284, stack(0x0000000000000000,0x0000000000000000)]
  0x00000000692b4800 JavaThread "Timer-2379" [_thread_new, id=26280, stack(0x0000000000000000,0x0000000000000000)]
  0x00000000692ad000 JavaThread "Timer-2378" [_thread_blocked, id=26276, stack(0x00000000b2b00000,0x00000000b2c00000)]
  0x00000000692af000 JavaThread "Timer-2377" [_thread_new, id=26272, stack(0x0000000000000000,0x0000000000000000)]
  0x00000000692b3800 JavaThread "Timer-2376" [_thread_new, id=26268, stack(0x0000000000000000,0x0000000000000000)]
  0x00000000692b2000 JavaThread "Timer-2375" [_thread_blocked, id=26264, stack(0x00000000b2800000,0x00000000b2900000)]
  0x00000000692ac000 JavaThread "Timer-2374" [_thread_blocked, id=26260, stack(0x00000000b2700000,0x00000000b2800000)]
  0x00000000692b3000 JavaThread "Timer-2373" [_thread_new, id=26256, stack(0x0000000000000000,0x0000000000000000)]
  0x00000000692aa800 JavaThread "Timer-2372" [_thread_blocked, id=26252, stack(0x00000000b2500000,0x00000000b2600000)]
  0x00000000692b1800 JavaThread "Timer-2371" [_thread_blocked, id=26248, stack(0x00000000b2400000,0x00000000b2500000)]
  0x00000000692b0800 JavaThread "Timer-2370" [_thread_blocked, id=26244, stack(0x00000000b2300000,0x00000000b2400000)]
  0x00000000692b0000 JavaThread "Timer-2369" [_thread_new, id=26240, stack(0x0000000000000000,0x0000000000000000)]
  0x00000000692aa000 JavaThread "Timer-2368" [_thread_new, id=26236, stack(0x0000000000000000,0x0000000000000000)]
  0x00000000692ab800 JavaThread "Timer-2367" [_thread_blocked, id=26232, stack(0x00000000b2000000,0x00000000b2100000)]
  0x00000000692ae800 JavaThread "Timer-2366" [_thread_new, id=26228, stack(0x0000000000000000,0x0000000000000000)]
  0x00000000692ad800 JavaThread "Timer-2365" [_thread_new, id=26224, stack(0x0000000000000000,0x0000000000000000)]
  0x00000000692a2000 JavaThread "Timer-2364" [_thread_blocked, id=26220, stack(0x00000000b1d00000,0x00000000b1e00000)]
  0x00000000692a9000 JavaThread "Timer-2363" [_thread_new, id=26216, stack(0x0000000000000000,0x0000000000000000)]
  0x00000000692a1800 JavaThread "Timer-2362" [_thread_new, id=26212, stack(0x0000000000000000,0x0000000000000000)]
  0x00000000692a8000 JavaThread "Timer-2361" [_thread_blocked, id=26208, stack(0x00000000b1a00000,0x00000000b1b00000)]
  0x00000000692a0800 JavaThread "Timer-2360" [_thread_new, id=26204, stack(0x0000000000000000,0x0000000000000000)]
  0x00000000692a3000 JavaThread "Timer-2359" [_thread_new, id=26200, stack(0x0000000000000000,0x0000000000000000)]
  0x00000000692a7800 JavaThread "Timer-2358" [_thread_blocked, id=26196, stack(0x00000000b1700000,0x00000000b1800000)]
  0x00000000692a4800 JavaThread "Timer-2357" [_thread_new, id=26192, stack(0x0000000000000000,0x0000000000000000)]
  0x00000000692a6800 JavaThread "Timer-2356" [_thread_new, id=26188, stack(0x0000000000000000,0x0000000000000000)]
  0x000000006929f000 JavaThread "Timer-2355" [_thread_blocked, id=26184, stack(0x00000000b1400000,0x00000000b1500000)]
  0x00000000692a3800 JavaThread "Timer-2354" [_thread_new, id=26180, stack(0x0000000000000000,0x0000000000000000)]
  0x00000000692a5000 JavaThread "Timer-2353" [_thread_new, id=26176, stack(0x0000000000000000,0x0000000000000000)]
  0x00000000692a0000 JavaThread "Timer-2352" [_thread_blocked, id=26172, stack(0x00000000b1100000,0x00000000b1200000)]
  0x00000000692a6000 JavaThread "Timer-2351" [_thread_new, id=26168, stack(0x0000000000000000,0x0000000000000000)]
  0x0000000069297800 JavaThread "Timer-2350" [_thread_new, id=26164, stack(0x0000000000000000,0x0000000000000000)]
  0x000000006929c000 JavaThread "Timer-2349" [_thread_blocked, id=26160, stack(0x00000000b0e00000,0x00000000b0f00000)]
  0x000000006929e800 JavaThread "Timer-2348" [_thread_new, id=26156, stack(0x0000000000000000,0x0000000000000000)]
  0x0000000069297000 JavaThread "Timer-2347" [_thread_new, id=26152, stack(0x0000000000000000,0x0000000000000000)]
  0x000000006929a000 JavaThread "Timer-2346" [_thread_blocked, id=26148, stack(0x00000000b0b00000,0x00000000b0c00000)]
  0x0000000069299000 JavaThread "Timer-2345" [_thread_new, id=26144, stack(0x0000000000000000,0x0000000000000000)]
  0x000000006929d000 JavaThread "Timer-2344" [_thread_new, id=26140, stack(0x0000000000000000,0x0000000000000000)]
  0x000000006929b800 JavaThread "Timer-2343" [_thread_blocked, id=26136, stack(0x00000000b0800000,0x00000000b0900000)]
  0x000000006929d800 JavaThread "Timer-2342" [_thread_new, id=26132, stack(0x0000000000000000,0x0000000000000000)]
  0x000000006929a800 JavaThread "Timer-2341" [_thread_new, id=26128, stack(0x0000000000000000,0x0000000000000000)]
  0x0000000069296000 JavaThread "Timer-2340" [_thread_blocked, id=26124, stack(0x00000000b0500000,0x00000000b0600000)]
  0x0000000069298800 JavaThread "Timer-2339" [_thread_new, id=26120, stack(0x0000000000000000,0x0000000000000000)]
  0x0000000069295800 JavaThread "Timer-2338" [_thread_new, id=26116, stack(0x0000000000000000,0x0000000000000000)]
  0x0000000069294800 JavaThread "Timer-2337" [_thread_blocked, id=26112, stack(0x00000000b0200000,0x00000000b0300000)]
  0x0000000069294000 JavaThread "Timer-2336" [_thread_new, id=26108, stack(0x0000000000000000,0x0000000000000000)]
  0x00000000692d1800 JavaThread "Timer-2335" [_thread_new, id=26104, stack(0x0000000000000000,0x0000000000000000)]
  0x00000000692d2800 JavaThread "Timer-2334" [_thread_new, id=26100, stack(0x0000000000000000,0x0000000000000000)]
  0x00000000692d1000 JavaThread "Timer-2333" [_thread_new, id=26096, stack(0x0000000000000000,0x0000000000000000)]
  0x00000000692d3000 JavaThread "Timer-2332" [_thread_new, id=26092, stack(0x0000000000000000,0x0000000000000000)]
  0x00000000692cf800 JavaThread "Timer-2331" [_thread_new, id=26088, stack(0x0000000000000000,0x0000000000000000)]
  0x00000000692ce800 JavaThread "Timer-2330" [_thread_new, id=26084, stack(0x0000000000000000,0x0000000000000000)]
  0x00000000692d0000 JavaThread "Timer-2329" [_thread_blocked, id=26080, stack(0x00000000afa00000,0x00000000afb00000)]
  0x00000000692ce000 JavaThread "Timer-2328" [_thread_new, id=26076, stack(0x0000000000000000,0x0000000000000000)]
  0x00000000692c6800 JavaThread "Timer-2327" [_thread_new, id=26072, stack(0x0000000000000000,0x0000000000000000)]
  0x00000000692c9800 JavaThread "Timer-2326" [_thread_new, id=26068, stack(0x0000000000000000,0x0000000000000000)]
  0x00000000692cd000 JavaThread "Timer-2325" [_thread_new, id=26064, stack(0x0000000000000000,0x0000000000000000)]
  0x00000000692cc800 JavaThread "Timer-2324" [_thread_new, id=26060, stack(0x0000000000000000,0x0000000000000000)]
  0x00000000692c5800 JavaThread "Timer-2323" [_thread_new, id=26056, stack(0x0000000000000000,0x0000000000000000)]
  0x00000000692cb800 JavaThread "Timer-2322" [_thread_new, id=26052, stack(0x0000000000000000,0x0000000000000000)]
  0x00000000692c8000 JavaThread "Timer-2321" [_thread_blocked, id=26048, stack(0x00000000af200000,0x00000000af300000)]
  0x00000000692c8800 JavaThread "Timer-2320" [_thread_new, id=26044, stack(0x0000000000000000,0x0000000000000000)]
  0x00000000692c4000 JavaThread "Timer-2319" [_thread_new, id=26040, stack(0x0000000000000000,0x0000000000000000)]
  0x00000000692c5000 JavaThread "Timer-2318" [_thread_new, id=26036, stack(0x0000000000000000,0x0000000000000000)]
  0x00000000692cb000 JavaThread "Timer-2317" [_thread_blocked, id=26032, stack(0x00000000aee00000,0x00000000aef00000)]
  0x00000000692c7000 JavaThread "Timer-2316" [_thread_new, id=26028, stack(0x0000000000000000,0x0000000000000000)]
  0x00000000692ca000 JavaThread "Timer-2315" [_thread_new, id=26024, stack(0x0000000000000000,0x0000000000000000)]
  0x0000000069231000 JavaThread "Timer-2314" [_thread_new, id=26020, stack(0x0000000000000000,0x0000000000000000)]
  0x0000000069230000 JavaThread "Timer-2313" [_thread_new, id=26016, stack(0x0000000000000000,0x0000000000000000)]
  0x000000006922f800 JavaThread "Timer-2312" [_thread_new, id=26012, stack(0x0000000000000000,0x0000000000000000)]
  0x0000000069227800 JavaThread "Timer-2311" [_thread_new, id=26008, stack(0x0000000000000000,0x0000000000000000)]
  0x000000006922e800 JavaThread "Timer-2310" [_thread_new, id=26004, stack(0x0000000000000000,0x0000000000000000)]
  0x0000000069227000 JavaThread "Timer-2309" [_thread_new, id=26000, stack(0x0000000000000000,0x0000000000000000)]
  0x000000006922e000 JavaThread "Timer-2308" [_thread_new, id=25996, stack(0x0000000000000000,0x0000000000000000)]
  0x000000006922c800 JavaThread "Timer-2307" [_thread_new, id=25992, stack(0x0000000000000000,0x0000000000000000)]
  0x000000006922b800 JavaThread "Timer-2306" [_thread_new, id=25988, stack(0x0000000000000000,0x0000000000000000)]
  0x000000006922d000 JavaThread "Timer-2305" [_thread_new, id=25984, stack(0x0000000000000000,0x0000000000000000)]
  0x000000006922b000 JavaThread "Timer-2304" [_thread_new, id=25980, stack(0x0000000000000000,0x0000000000000000)]
  0x0000000069223000 JavaThread "Timer-2303" [_thread_new, id=25976, stack(0x0000000000000000,0x0000000000000000)]
  0x0000000069226000 JavaThread "Timer-2302" [_thread_new, id=25972, stack(0x0000000000000000,0x0000000000000000)]
  0x000000006922a000 JavaThread "Timer-2301" [_thread_new, id=25968, stack(0x0000000000000000,0x0000000000000000)]
  0x0000000069229000 JavaThread "Timer-2300" [_thread_new, id=25964, stack(0x0000000000000000,0x0000000000000000)]
  0x0000000069224000 JavaThread "Timer-2299" [_thread_new, id=25960, stack(0x0000000000000000,0x0000000000000000)]
  0x0000000069228800 JavaThread "Timer-2298" [_thread_new, id=25956, stack(0x0000000000000000,0x0000000000000000)]
  0x0000000069221000 JavaThread "Timer-2297" [_thread_new, id=25952, stack(0x0000000000000000,0x0000000000000000)]
  0x0000000069222800 JavaThread "Timer-2296" [_thread_new, id=25948, stack(0x0000000000000000,0x0000000000000000)]
  0x0000000069225800 JavaThread "Timer-2295" [_thread_new, id=25944, stack(0x0000000000000000,0x0000000000000000)]
  0x0000000069224800 JavaThread "Timer-2294" [_thread_new, id=25940, stack(0x0000000000000000,0x0000000000000000)]
  0x0000000069221800 JavaThread "Timer-2293" [_thread_new, id=25936, stack(0x0000000000000000,0x0000000000000000)]
  0x0000000069219800 JavaThread "Timer-2292" [_thread_new, id=25932, stack(0x0000000000000000,0x0000000000000000)]
  0x000000006921b000 JavaThread "Timer-2291" [_thread_new, id=25928, stack(0x0000000000000000,0x0000000000000000)]
  0x0000000069220000 JavaThread "Timer-2290" [_thread_new, id=25924, stack(0x0000000000000000,0x0000000000000000)]
  0x000000006921f800 JavaThread "Timer-2289" [_thread_new, id=25920, stack(0x0000000000000000,0x0000000000000000)]
  0x000000006921a000 JavaThread "Timer-2288" [_thread_new, id=25916, stack(0x0000000000000000,0x0000000000000000)]
  0x000000006921e800 JavaThread "Timer-2287" [_thread_new, id=25912, stack(0x0000000000000000,0x0000000000000000)]
  0x0000000069218000 JavaThread "Timer-2286" [_thread_new, id=25908, stack(0x0000000000000000,0x0000000000000000)]
  0x0000000069217000 JavaThread "Timer-2285" [_thread_new, id=25904, stack(0x0000000000000000,0x0000000000000000)]
  0x0000000069218800 JavaThread "Timer-2284" [_thread_new, id=25900, stack(0x0000000000000000,0x0000000000000000)]
  0x000000006921d000 JavaThread "Timer-2283" [_thread_new, id=25896, stack(0x0000000000000000,0x0000000000000000)]
  0x000000006921c800 JavaThread "Timer-2282" [_thread_new, id=25892, stack(0x0000000000000000,0x0000000000000000)]
  0x000000006921b800 JavaThread "Timer-2281" [_thread_new, id=25888, stack(0x0000000000000000,0x0000000000000000)]
  0x000000006921e000 JavaThread "Timer-2280" [_thread_new, id=25884, stack(0x0000000000000000,0x0000000000000000)]
  0x000000006920f800 JavaThread "Timer-2279" [_thread_new, id=25880, stack(0x0000000000000000,0x0000000000000000)]
  0x0000000069215800 JavaThread "Timer-2278" [_thread_new, id=25876, stack(0x0000000000000000,0x0000000000000000)]
  0x0000000069216800 JavaThread "Timer-2277" [_thread_new, id=25872, stack(0x0000000000000000,0x0000000000000000)]
  0x000000006920f000 JavaThread "Timer-2276" [_thread_new, id=25868, stack(0x0000000000000000,0x0000000000000000)]
  0x000000006920e000 JavaThread "Timer-2275" [_thread_new, id=25864, stack(0x0000000000000000,0x0000000000000000)]
  0x0000000069210800 JavaThread "Timer-2274" [_thread_new, id=25860, stack(0x0000000000000000,0x0000000000000000)]
  0x0000000069215000 JavaThread "Timer-2273" [_thread_new, id=25856, stack(0x0000000000000000,0x0000000000000000)]
  0x0000000069212000 JavaThread "Timer-2272" [_thread_new, id=25852, stack(0x0000000000000000,0x0000000000000000)]
  0x0000000069214000 JavaThread "Timer-2271" [_thread_new, id=25848, stack(0x0000000000000000,0x0000000000000000)]
  0x000000006920c800 JavaThread "Timer-2270" [_thread_new, id=25844, stack(0x0000000000000000,0x0000000000000000)]
  0x0000000069211000 JavaThread "Timer-2269" [_thread_new, id=25840, stack(0x0000000000000000,0x0000000000000000)]
  0x0000000069212800 JavaThread "Timer-2268" [_thread_new, id=25836, stack(0x0000000000000000,0x0000000000000000)]
  0x000000006920d800 JavaThread "Timer-2267" [_thread_new, id=25832, stack(0x0000000000000000,0x0000000000000000)]
  0x0000000069213800 JavaThread "Timer-2266" [_thread_new, id=25828, stack(0x0000000000000000,0x0000000000000000)]
  0x0000000069205000 JavaThread "Timer-2265" [_thread_new, id=25824, stack(0x0000000000000000,0x0000000000000000)]
  0x0000000069209800 JavaThread "Timer-2264" [_thread_new, id=25820, stack(0x0000000000000000,0x0000000000000000)]
  0x000000006920c000 JavaThread "Timer-2263" [_thread_new, id=25816, stack(0x0000000000000000,0x0000000000000000)]
  0x000000006920a800 JavaThread "Timer-2262" [_thread_new, id=25812, stack(0x0000000000000000,0x0000000000000000)]
  0x0000000069207800 JavaThread "Timer-2261" [_thread_new, id=25808, stack(0x0000000000000000,0x0000000000000000)]
  0x0000000069206800 JavaThread "Timer-2260" [_thread_new, id=25804, stack(0x0000000000000000,0x0000000000000000)]
  0x0000000069204800 JavaThread "Timer-2259" [_thread_new, id=25800, stack(0x0000000000000000,0x0000000000000000)]
  0x0000000069209000 JavaThread "Timer-2258" [_thread_new, id=25796, stack(0x0000000000000000,0x0000000000000000)]
  0x000000006920b000 JavaThread "Timer-2257" [_thread_new, id=25792, stack(0x0000000000000000,0x0000000000000000)]
  0x0000000069208000 JavaThread "Timer-2256" [_thread_new, id=25788, stack(0x0000000000000000,0x0000000000000000)]
  0x0000000069203800 JavaThread "Timer-2255" [_thread_new, id=25784, stack(0x0000000000000000,0x0000000000000000)]
  0x0000000069206000 JavaThread "Timer-2254" [_thread_new, id=25780, stack(0x0000000000000000,0x0000000000000000)]
  0x0000000069203000 JavaThread "Timer-2253" [_thread_new, id=25776, stack(0x0000000000000000,0x0000000000000000)]
  0x0000000069202000 JavaThread "Timer-2252" [_thread_new, id=25772, stack(0x0000000000000000,0x0000000000000000)]
  0x0000000069201800 JavaThread "Timer-2251" [_thread_new, id=25768, stack(0x0000000000000000,0x0000000000000000)]
  0x000000006923b800 JavaThread "Timer-2250" [_thread_new, id=25764, stack(0x0000000000000000,0x0000000000000000)]
  0x0000000069241800 JavaThread "Timer-2249" [_thread_new, id=25760, stack(0x0000000000000000,0x0000000000000000)]
  0x000000006923a000 JavaThread "Timer-2248" [_thread_new, id=25756, stack(0x0000000000000000,0x0000000000000000)]
  0x000000006923e800 JavaThread "Timer-2247" [_thread_new, id=25752, stack(0x0000000000000000,0x0000000000000000)]
  0x0000000069240800 JavaThread "Timer-2246" [_thread_new, id=25748, stack(0x0000000000000000,0x0000000000000000)]
  0x000000006923d000 JavaThread "Timer-2245" [_thread_new, id=25744, stack(0x0000000000000000,0x0000000000000000)]
  0x0000000069239000 JavaThread "Timer-2244" [_thread_new, id=25740, stack(0x0000000000000000,0x0000000000000000)]
  0x0000000069240000 JavaThread "Timer-2243" [_thread_new, id=25736, stack(0x0000000000000000,0x0000000000000000)]
  0x000000006923a800 JavaThread "Timer-2242" [_thread_new, id=25732, stack(0x0000000000000000,0x0000000000000000)]
  0x000000006923c000 JavaThread "Timer-2241" [_thread_new, id=25728, stack(0x0000000000000000,0x0000000000000000)]
  0x000000006923d800 JavaThread "Timer-2240" [_thread_new, id=25724, stack(0x0000000000000000,0x0000000000000000)]
  0x000000006923f000 JavaThread "Timer-2239" [_thread_new, id=25720, stack(0x0000000000000000,0x0000000000000000)]
  0x0000000069233000 JavaThread "Timer-2238" [_thread_new, id=25716, stack(0x0000000000000000,0x0000000000000000)]
  0x0000000069231800 JavaThread "Timer-2237" [_thread_new, id=25712, stack(0x0000000000000000,0x0000000000000000)]
  0x0000000069234000 JavaThread "Timer-2236" [_thread_new, id=25708, stack(0x0000000000000000,0x0000000000000000)]
  0x0000000069237000 JavaThread "Timer-2235" [_thread_new, id=25704, stack(0x0000000000000000,0x0000000000000000)]
  0x0000000069237800 JavaThread "Timer-2234" [_thread_blocked, id=25700, stack(0x00000000a9900000,0x00000000a9a00000)]
  0x0000000069232800 JavaThread "Timer-2233" [_thread_new, id=25696, stack(0x0000000000000000,0x0000000000000000)]
  0x0000000069238800 JavaThread "Timer-2232" [_thread_new, id=25692, stack(0x0000000000000000,0x0000000000000000)]
  0x0000000069236000 JavaThread "Timer-2231" [_thread_blocked, id=25688, stack(0x00000000a9600000,0x00000000a9700000)]
  0x0000000069235800 JavaThread "Timer-2230" [_thread_new, id=25684, stack(0x0000000000000000,0x0000000000000000)]
  0x0000000069234800 JavaThread "Timer-2229" [_thread_blocked, id=25680, stack(0x00000000a9400000,0x00000000a9500000)]
  0x000000006914a000 JavaThread "Timer-2228" [_thread_blocked, id=25676, stack(0x00000000a9300000,0x00000000a9400000)]
  0x0000000069147000 JavaThread "Timer-2227" [_thread_new, id=25672, stack(0x0000000000000000,0x0000000000000000)]
  0x0000000069149800 JavaThread "Timer-2226" [_thread_blocked, id=25668, stack(0x00000000a9100000,0x00000000a9200000)]
  0x0000000069148800 JavaThread "Timer-2225" [_thread_new, id=25664, stack(0x0000000000000000,0x0000000000000000)]
  0x0000000069146800 JavaThread "Timer-2224" [_thread_blocked, id=25660, stack(0x00000000a8f00000,0x00000000a9000000)]
  0x0000000069145800 JavaThread "Timer-2223" [_thread_new, id=25656, stack(0x0000000000000000,0x0000000000000000)]
  0x0000000069148000 JavaThread "Timer-2222" [_thread_blocked, id=25652, stack(0x00000000a8d00000,0x00000000a8e00000)]
  0x000000006913e000 JavaThread "Timer-2221" [_thread_new, id=25648, stack(0x0000000000000000,0x0000000000000000)]
  0x0000000069144000 JavaThread "Timer-2220" [_thread_new, id=25644, stack(0x0000000000000000,0x0000000000000000)]
  0x0000000069143800 JavaThread "Timer-2219" [_thread_blocked, id=25640, stack(0x00000000a8a00000,0x00000000a8b00000)]
  0x0000000069145000 JavaThread "Timer-2218" [_thread_new, id=25636, stack(0x0000000000000000,0x0000000000000000)]
  0x0000000069142800 JavaThread "Timer-2217" [_thread_new, id=25632, stack(0x0000000000000000,0x0000000000000000)]
  0x000000006913f000 JavaThread "Timer-2216" [_thread_blocked, id=25628, stack(0x00000000a8700000,0x00000000a8800000)]
  0x000000006913b000 JavaThread "Timer-2215" [_thread_new, id=25624, stack(0x0000000000000000,0x0000000000000000)]
  0x0000000069142000 JavaThread "Timer-2214" [_thread_new, id=25620, stack(0x0000000000000000,0x0000000000000000)]
  0x000000006913f800 JavaThread "Timer-2213" [_thread_new, id=25616, stack(0x0000000000000000,0x0000000000000000)]
  0x000000006913d800 JavaThread "Timer-2212" [_thread_new, id=25612, stack(0x0000000000000000,0x0000000000000000)]
  0x000000006913c800 JavaThread "Timer-2211" [_thread_new, id=25608, stack(0x0000000000000000,0x0000000000000000)]
  0x000000006913c000 JavaThread "Timer-2210" [_thread_new, id=25604, stack(0x0000000000000000,0x0000000000000000)]
  0x0000000069141000 JavaThread "Timer-2209" [_thread_blocked, id=25596, stack(0x00000000a8000000,0x00000000a8100000)]
  0x0000000069140800 JavaThread "Timer-2208" [_thread_new, id=25592, stack(0x0000000000000000,0x0000000000000000)]
  0x0000000069135800 JavaThread "Timer-2207" [_thread_new, id=25588, stack(0x0000000000000000,0x0000000000000000)]
  0x0000000069135000 JavaThread "Timer-2206" [_thread_blocked, id=25584, stack(0x00000000a7d00000,0x00000000a7e00000)]
  0x0000000069133800 JavaThread "Timer-2205" [_thread_new, id=25580, stack(0x0000000000000000,0x0000000000000000)]
  0x000000006913a800 JavaThread "Timer-2204" [_thread_new, id=25576, stack(0x0000000000000000,0x0000000000000000)]
  0x0000000069136800 JavaThread "Timer-2203" [_thread_new, id=25572, stack(0x0000000000000000,0x0000000000000000)]
  0x0000000069132800 JavaThread "Timer-2202" [_thread_new, id=25568, stack(0x0000000000000000,0x0000000000000000)]
  0x0000000069139800 JavaThread "Timer-2201" [_thread_new, id=25564, stack(0x0000000000000000,0x0000000000000000)]
  0x0000000069139000 JavaThread "Timer-2200" [_thread_new, id=25560, stack(0x0000000000000000,0x0000000000000000)]
  0x0000000069134000 JavaThread "Timer-2199" [_thread_new, id=25556, stack(0x0000000000000000,0x0000000000000000)]
  0x0000000069137800 JavaThread "Timer-2198" [_thread_blocked, id=25552, stack(0x00000000a7500000,0x00000000a7600000)]
  0x0000000069138000 JavaThread "Timer-2197" [_thread_new, id=25548, stack(0x0000000000000000,0x0000000000000000)]
  0x000000006912b000 JavaThread "Timer-2196" [_thread_blocked, id=25544, stack(0x00000000a7300000,0x00000000a7400000)]
  0x0000000069132000 JavaThread "Timer-2195" [_thread_new, id=25540, stack(0x0000000000000000,0x0000000000000000)]
  0x000000006912d800 JavaThread "Timer-2194" [_thread_blocked, id=25536, stack(0x00000000a7100000,0x00000000a7200000)]
  0x0000000069131000 JavaThread "Timer-2193" [_thread_new, id=25532, stack(0x0000000000000000,0x0000000000000000)]
  0x000000006912c800 JavaThread "Timer-2192" [_thread_blocked, id=25528, stack(0x00000000a6f00000,0x00000000a7000000)]
  0x0000000069129800 JavaThread "Timer-2191" [_thread_new, id=25524, stack(0x0000000000000000,0x0000000000000000)]
  0x0000000069130800 JavaThread "Timer-2190" [_thread_new, id=25520, stack(0x0000000000000000,0x0000000000000000)]
  0x000000006912a800 JavaThread "Timer-2189" [_thread_blocked, id=25516, stack(0x00000000a6c00000,0x00000000a6d00000)]
  0x000000006912f800 JavaThread "Timer-2188" [_thread_new, id=25512, stack(0x0000000000000000,0x0000000000000000)]
  0x0000000069129000 JavaThread "Timer-2187" [_thread_blocked, id=25508, stack(0x00000000a6a00000,0x00000000a6b00000)]
  0x000000006912f000 JavaThread "Timer-2186" [_thread_new, id=25504, stack(0x0000000000000000,0x0000000000000000)]
  0x0000000069128000 JavaThread "Timer-2185" [_thread_blocked, id=25500, stack(0x00000000a6800000,0x00000000a6900000)]
  0x000000006912c000 JavaThread "Timer-2184" [_thread_new, id=25496, stack(0x0000000000000000,0x0000000000000000)]
  0x000000006912e000 JavaThread "Timer-2183" [_thread_new, id=25492, stack(0x0000000000000000,0x0000000000000000)]
  0x0000000069127800 JavaThread "Timer-2182" [_thread_blocked, id=25488, stack(0x00000000a6500000,0x00000000a6600000)]
  0x0000000069120000 JavaThread "Timer-2181" [_thread_new, id=25484, stack(0x0000000000000000,0x0000000000000000)]
  0x0000000069126800 JavaThread "Timer-2180" [_thread_new, id=25480, stack(0x0000000000000000,0x0000000000000000)]
  0x000000006911f000 JavaThread "Timer-2179" [_thread_new, id=25476, stack(0x0000000000000000,0x0000000000000000)]
  0x0000000069125000 JavaThread "Timer-2178" [_thread_blocked, id=25472, stack(0x00000000a6100000,0x00000000a6200000)]
  0x0000000069126000 JavaThread "Timer-2177" [_thread_new, id=25468, stack(0x0000000000000000,0x0000000000000000)]
  0x000000006911e800 JavaThread "Timer-2176" [_thread_blocked, id=25464, stack(0x00000000a5f00000,0x00000000a6000000)]
  0x0000000069120800 JavaThread "Timer-2175" [_thread_blocked, id=25460, stack(0x00000000a5e00000,0x00000000a5f00000)]
  0x0000000069124800 JavaThread "Timer-2174" [_thread_new, id=25456, stack(0x0000000000000000,0x0000000000000000)]
  0x0000000069122000 JavaThread "Timer-2173" [_thread_new, id=25452, stack(0x0000000000000000,0x0000000000000000)]
  0x000000006911d000 JavaThread "Timer-2172" [_thread_blocked, id=25448, stack(0x00000000a5b00000,0x00000000a5c00000)]
  0x0000000069123800 JavaThread "Timer-2171" [_thread_new, id=25444, stack(0x0000000000000000,0x0000000000000000)]
  0x0000000069121800 JavaThread "Timer-2170" [_thread_new, id=25440, stack(0x0000000000000000,0x0000000000000000)]
  0x0000000069123000 JavaThread "Timer-2169" [_thread_new, id=25436, stack(0x0000000000000000,0x0000000000000000)]
  0x000000006911d800 JavaThread "Timer-2168" [_thread_new, id=25432, stack(0x0000000000000000,0x0000000000000000)]
  0x0000000069115800 JavaThread "Timer-2167" [_thread_new, id=25428, stack(0x0000000000000000,0x0000000000000000)]
  0x000000006911a800 JavaThread "Timer-2166" [_thread_new, id=25424, stack(0x0000000000000000,0x0000000000000000)]
  0x0000000069116000 JavaThread "Timer-2165" [_thread_blocked, id=25420, stack(0x00000000a5400000,0x00000000a5500000)]
  0x000000006911c000 JavaThread "Timer-2164" [_thread_new, id=25416, stack(0x0000000000000000,0x0000000000000000)]
  0x000000006911a000 JavaThread "Timer-2163" [_thread_new, id=25412, stack(0x0000000000000000,0x0000000000000000)]
  0x0000000069118800 JavaThread "Timer-2162" [_thread_blocked, id=25408, stack(0x00000000a5100000,0x00000000a5200000)]
  0x0000000069117800 JavaThread "Timer-2161" [_thread_new, id=25404, stack(0x0000000000000000,0x0000000000000000)]
  0x0000000069114800 JavaThread "Timer-2160" [_thread_blocked, id=25400, stack(0x00000000a4f00000,0x00000000a5000000)]
  0x0000000069119000 JavaThread "Timer-2159" [_thread_new, id=25396, stack(0x0000000000000000,0x0000000000000000)]
  0x000000006911b800 JavaThread "Timer-2158" [_thread_new, id=25392, stack(0x0000000000000000,0x0000000000000000)]
  0x0000000069114000 JavaThread "Timer-2157" [_thread_blocked, id=25388, stack(0x00000000a4c00000,0x00000000a4d00000)]
  0x0000000069117000 JavaThread "Timer-2156" [_thread_new, id=25384, stack(0x0000000000000000,0x0000000000000000)]
  0x000000006910c800 JavaThread "Timer-2155" [_thread_new, id=25380, stack(0x0000000000000000,0x0000000000000000)]
  0x0000000069113000 JavaThread "Timer-2154" [_thread_new, id=25376, stack(0x0000000000000000,0x0000000000000000)]
  0x000000006910b800 JavaThread "Timer-2153" [_thread_new, id=25372, stack(0x0000000000000000,0x0000000000000000)]
  0x0000000069112800 JavaThread "Timer-2152" [_thread_new, id=25368, stack(0x0000000000000000,0x0000000000000000)]
  0x0000000069111800 JavaThread "Timer-2151" [_thread_new, id=25364, stack(0x0000000000000000,0x0000000000000000)]
  0x000000006910f800 JavaThread "Timer-2150" [_thread_new, id=25360, stack(0x0000000000000000,0x0000000000000000)]
  0x000000006910e800 JavaThread "Timer-2149" [_thread_new, id=25356, stack(0x0000000000000000,0x0000000000000000)]
  0x0000000069111000 JavaThread "Timer-2148" [_thread_blocked, id=25352, stack(0x00000000a4300000,0x00000000a4400000)]
  0x0000000069110000 JavaThread "Timer-2147" [_thread_new, id=25348, stack(0x0000000000000000,0x0000000000000000)]
  0x000000006910d000 JavaThread "Timer-2146" [_thread_blocked, id=25344, stack(0x00000000a4100000,0x00000000a4200000)]
  0x000000006910b000 JavaThread "Timer-2145" [_thread_new, id=25340, stack(0x0000000000000000,0x0000000000000000)]
  0x000000006910e000 JavaThread "Timer-2144" [_thread_blocked, id=25336, stack(0x00000000a3f00000,0x00000000a4000000)]
  0x00000000690a6000 JavaThread "Timer-2143" [_thread_new, id=25332, stack(0x0000000000000000,0x0000000000000000)]
  0x00000000690a5800 JavaThread "Timer-2142" [_thread_blocked, id=25328, stack(0x00000000a3d00000,0x00000000a3e00000)]
  0x00000000690a4800 JavaThread "Timer-2141" [_thread_new, id=25324, stack(0x0000000000000000,0x0000000000000000)]
  0x00000000690a4000 JavaThread "Timer-2140" [_thread_new, id=25320, stack(0x0000000000000000,0x0000000000000000)]
  0x000000006909c800 JavaThread "Timer-2139" [_thread_blocked, id=25316, stack(0x00000000a3a00000,0x00000000a3b00000)]
  0x00000000690a3000 JavaThread "Timer-2138" [_thread_new, id=25312, stack(0x0000000000000000,0x0000000000000000)]
  0x00000000690a2800 JavaThread "Timer-2137" [_thread_new, id=25308, stack(0x0000000000000000,0x0000000000000000)]
  0x00000000690a0000 JavaThread "Timer-2136" [_thread_new, id=25304, stack(0x0000000000000000,0x0000000000000000)]
  0x000000006909f800 JavaThread "Timer-2135" [_thread_new, id=25296, stack(0x0000000000000000,0x0000000000000000)]
  0x00000000690a1800 JavaThread "Timer-2134" [_thread_blocked, id=25292, stack(0x00000000a3500000,0x00000000a3600000)]
  0x00000000690a1000 JavaThread "Timer-2133" [_thread_new, id=25288, stack(0x0000000000000000,0x0000000000000000)]
  0x000000006909e800 JavaThread "Timer-2132" [_thread_new, id=25284, stack(0x0000000000000000,0x0000000000000000)]
  0x000000006909b000 JavaThread "Timer-2131" [_thread_new, id=25280, stack(0x0000000000000000,0x0000000000000000)]
  0x0000000069097000 JavaThread "Timer-2130" [_thread_new, id=25276, stack(0x0000000000000000,0x0000000000000000)]
  0x0000000069099800 JavaThread "Timer-2129" [_thread_blocked, id=25272, stack(0x00000000a3000000,0x00000000a3100000)]
  0x0000000069098800 JavaThread "Timer-2128" [_thread_new, id=25268, stack(0x0000000000000000,0x0000000000000000)]
  0x000000006909a000 JavaThread "Timer-2127" [_thread_new, id=25264, stack(0x0000000000000000,0x0000000000000000)]
  0x000000006909e000 JavaThread "Timer-2126" [_thread_blocked, id=25260, stack(0x00000000a2d00000,0x00000000a2e00000)]
  0x000000006909b800 JavaThread "Timer-2125" [_thread_new, id=25256, stack(0x0000000000000000,0x0000000000000000)]
  0x0000000069098000 JavaThread "Timer-2124" [_thread_blocked, id=25252, stack(0x00000000a2b00000,0x00000000a2c00000)]
  0x000000006909d000 JavaThread "Timer-2123" [_thread_new, id=25248, stack(0x0000000000000000,0x0000000000000000)]
  0x0000000069096800 JavaThread "Timer-2122" [_thread_blocked, id=25244, stack(0x00000000a2900000,0x00000000a2a00000)]
  0x0000000069095000 JavaThread "Timer-2121" [_thread_new, id=25240, stack(0x0000000000000000,0x0000000000000000)]
  0x0000000069092800 JavaThread "Timer-2120" [_thread_blocked, id=25236, stack(0x00000000a2700000,0x00000000a2800000)]
  0x0000000069092000 JavaThread "Timer-2119" [_thread_new, id=25232, stack(0x0000000000000000,0x0000000000000000)]
  0x000000006908f000 JavaThread "Timer-2118" [_thread_new, id=25228, stack(0x0000000000000000,0x0000000000000000)]
  0x0000000069091000 JavaThread "Timer-2117" [_thread_blocked, id=25224, stack(0x00000000a2400000,0x00000000a2500000)]
  0x0000000069094000 JavaThread "Timer-2116" [_thread_new, id=25220, stack(0x0000000000000000,0x0000000000000000)]
  0x0000000069095800 JavaThread "Timer-2115" [_thread_new, id=25216, stack(0x0000000000000000,0x0000000000000000)]
  0x0000000069093800 JavaThread "Timer-2114" [_thread_blocked, id=25212, stack(0x00000000a2100000,0x00000000a2200000)]
  0x000000006908f800 JavaThread "Timer-2113" [_thread_new, id=25208, stack(0x0000000000000000,0x0000000000000000)]
  0x0000000069090800 JavaThread "Timer-2112" [_thread_new, id=25204, stack(0x0000000000000000,0x0000000000000000)]
  0x0000000069087800 JavaThread "Timer-2111" [_thread_blocked, id=25200, stack(0x00000000a1e00000,0x00000000a1f00000)]
  0x000000006908e000 JavaThread "Timer-2110" [_thread_new, id=25196, stack(0x0000000000000000,0x0000000000000000)]
  0x0000000069086800 JavaThread "Timer-2109" [_thread_new, id=25192, stack(0x0000000000000000,0x0000000000000000)]
=>0x000000006908c800 JavaThread "Timer-2108" [_thread_in_vm, id=25188, stack(0x00000000a1b00000,0x00000000a1c00000)]
  0x000000006908b000 JavaThread "Timer-2107" [_thread_new, id=25184, stack(0x0000000000000000,0x0000000000000000)]
  0x000000006908d800 JavaThread "Timer-2106" [_thread_new, id=25180, stack(0x0000000000000000,0x0000000000000000)]
  0x000000006908c000 JavaThread "Timer-2105" [_thread_blocked, id=25176, stack(0x00000000a1800000,0x00000000a1900000)]
  0x000000006908a800 JavaThread "Timer-2104" [_thread_new, id=25172, stack(0x0000000000000000,0x0000000000000000)]
  0x0000000069083800 JavaThread "Timer-2103" [_thread_blocked, id=25168, stack(0x00000000a1600000,0x00000000a1700000)]
  0x0000000069089800 JavaThread "Timer-2102" [_thread_new, id=25164, stack(0x0000000000000000,0x0000000000000000)]
  0x0000000069089000 JavaThread "Timer-2101" [_thread_new, id=25160, stack(0x0000000000000000,0x0000000000000000)]
  0x0000000069086000 JavaThread "Timer-2100" [_thread_new, id=25156, stack(0x0000000000000000,0x0000000000000000)]
  0x0000000069088000 JavaThread "Timer-2099" [_thread_new, id=25152, stack(0x0000000000000000,0x0000000000000000)]
  0x0000000069085000 JavaThread "Timer-2098" [_thread_new, id=25144, stack(0x0000000000000000,0x0000000000000000)]
  0x000000006907e000 JavaThread "Timer-2097" [_thread_new, id=25140, stack(0x0000000000000000,0x0000000000000000)]
  0x0000000069083000 JavaThread "Timer-2096" [_thread_new, id=25136, stack(0x0000000000000000,0x0000000000000000)]
  0x0000000069082000 JavaThread "Timer-2095" [_thread_new, id=25132, stack(0x0000000000000000,0x0000000000000000)]
  0x0000000069084800 JavaThread "Timer-2094" [_thread_blocked, id=25128, stack(0x00000000a0d00000,0x00000000a0e00000)]
  0x0000000069081800 JavaThread "Timer-2093" [_thread_new, id=25124, stack(0x0000000000000000,0x0000000000000000)]
  0x000000006907a800 JavaThread "Timer-2092" [_thread_blocked, id=25120, stack(0x00000000a0b00000,0x00000000a0c00000)]
  0x0000000069080800 JavaThread "Timer-2091" [_thread_new, id=25116, stack(0x0000000000000000,0x0000000000000000)]
  0x000000006907d800 JavaThread "Timer-2090" [_thread_new, id=25112, stack(0x0000000000000000,0x0000000000000000)]
  0x000000006907c000 JavaThread "Timer-2089" [_thread_blocked, id=25108, stack(0x00000000a0800000,0x00000000a0900000)]
  0x0000000069079800 JavaThread "Timer-2088" [_thread_new, id=25104, stack(0x0000000000000000,0x0000000000000000)]
  0x000000006907f800 JavaThread "Timer-2087" [_thread_new, id=25100, stack(0x0000000000000000,0x0000000000000000)]
  0x0000000069079000 JavaThread "Timer-2086" [_thread_blocked, id=25096, stack(0x00000000a0500000,0x00000000a0600000)]
  0x000000006907c800 JavaThread "Timer-2085" [_thread_new, id=25092, stack(0x0000000000000000,0x0000000000000000)]
  0x000000006907f000 JavaThread "Timer-2084" [_thread_new, id=25088, stack(0x0000000000000000,0x0000000000000000)]
  0x000000006907b000 JavaThread "Timer-2083" [_thread_new, id=25084, stack(0x0000000000000000,0x0000000000000000)]
  0x0000000069071800 JavaThread "Timer-2082" [_thread_new, id=25080, stack(0x0000000000000000,0x0000000000000000)]
  0x0000000069072000 JavaThread "Timer-2081" [_thread_blocked, id=25076, stack(0x00000000a0000000,0x00000000a0100000)]
  0x0000000069076800 JavaThread "Timer-2080" [_thread_new, id=25072, stack(0x0000000000000000,0x0000000000000000)]
  0x0000000069073800 JavaThread "Timer-2079" [_thread_new, id=25068, stack(0x0000000000000000,0x0000000000000000)]
  0x0000000069075000 JavaThread "Timer-2078" [_thread_blocked, id=25064, stack(0x000000009fd00000,0x000000009fe00000)]
  0x0000000069073000 JavaThread "Timer-2077" [_thread_new, id=25060, stack(0x0000000000000000,0x0000000000000000)]
  0x0000000069078000 JavaThread "Timer-2076" [_thread_blocked, id=25056, stack(0x000000009fb00000,0x000000009fc00000)]
  0x0000000069074800 JavaThread "Timer-2075" [_thread_new, id=25052, stack(0x0000000000000000,0x0000000000000000)]
  0x0000000069076000 JavaThread "Timer-2074" [_thread_blocked, id=25048, stack(0x000000009f900000,0x000000009fa00000)]
  0x0000000069077800 JavaThread "Timer-2073" [_thread_new, id=25044, stack(0x0000000000000000,0x0000000000000000)]
  0x0000000069070800 JavaThread "Timer-2072" [_thread_new, id=25040, stack(0x0000000000000000,0x0000000000000000)]
  0x0000000069069000 JavaThread "Timer-2071" [_thread_blocked, id=25036, stack(0x000000009f600000,0x000000009f700000)]
  0x0000000069070000 JavaThread "Timer-2070" [_thread_new, id=25032, stack(0x0000000000000000,0x0000000000000000)]
  0x0000000069068800 JavaThread "Timer-2069" [_thread_blocked, id=25028, stack(0x000000009f400000,0x000000009f500000)]
  0x000000006906f000 JavaThread "Timer-2068" [_thread_new, id=25024, stack(0x0000000000000000,0x0000000000000000)]
  0x000000006906e800 JavaThread "Timer-2067" [_thread_new, id=25020, stack(0x0000000000000000,0x0000000000000000)]
  0x000000006906c000 JavaThread "Timer-2066" [_thread_blocked, id=25016, stack(0x000000009f100000,0x000000009f200000)]
  0x000000006906b800 JavaThread "Timer-2065" [_thread_new, id=25012, stack(0x0000000000000000,0x0000000000000000)]
  0x000000006906a800 JavaThread "Timer-2064" [_thread_new, id=25008, stack(0x0000000000000000,0x0000000000000000)]
  0x000000006906d800 JavaThread "Timer-2063" [_thread_new, id=25004, stack(0x0000000000000000,0x0000000000000000)]
  0x000000006906d000 JavaThread "Timer-2062" [_thread_new, id=25000, stack(0x0000000000000000,0x0000000000000000)]
  0x000000006906a000 JavaThread "Timer-2061" [_thread_new, id=24996, stack(0x0000000000000000,0x0000000000000000)]
  0x0000000069067800 JavaThread "Timer-2060" [_thread_new, id=24992, stack(0x0000000000000000,0x0000000000000000)]
  0x0000000069067000 JavaThread "Timer-2059" [_thread_new, id=24988, stack(0x0000000000000000,0x0000000000000000)]
  0x0000000068e00000 JavaThread "Timer-2058" [_thread_new, id=24984, stack(0x0000000000000000,0x0000000000000000)]
  0x0000000068dff000 JavaThread "Timer-2057" [_thread_new, id=24980, stack(0x0000000000000000,0x0000000000000000)]
  0x0000000068dfe800 JavaThread "Timer-2056" [_thread_new, id=24976, stack(0x0000000000000000,0x0000000000000000)]
  0x0000000068dfd800 JavaThread "Timer-2055" [_thread_new, id=24972, stack(0x0000000000000000,0x0000000000000000)]
  0x0000000068df9000 JavaThread "Timer-2054" [_thread_new, id=24968, stack(0x0000000000000000,0x0000000000000000)]
  0x0000000068df6000 JavaThread "Timer-2053" [_thread_new, id=24964, stack(0x0000000000000000,0x0000000000000000)]
  0x0000000068df7800 JavaThread "Timer-2052" [_thread_new, id=24960, stack(0x0000000000000000,0x0000000000000000)]
  0x0000000068df6800 JavaThread "Timer-2051" [_thread_blocked, id=24956, stack(0x000000009e200000,0x000000009e300000)]
  0x0000000068dfa800 JavaThread "Timer-2050" [_thread_new, id=24952, stack(0x0000000000000000,0x0000000000000000)]
  0x0000000068df8000 JavaThread "Timer-2049" [_thread_new, id=24948, stack(0x0000000000000000,0x0000000000000000)]
  0x0000000068dfd000 JavaThread "Timer-2048" [_thread_blocked, id=24944, stack(0x000000009df00000,0x000000009e000000)]
  0x0000000068df9800 JavaThread "Timer-2047" [_thread_new, id=24940, stack(0x0000000000000000,0x0000000000000000)]
  0x0000000068dfc000 JavaThread "Timer-2046" [_thread_new, id=24936, stack(0x0000000000000000,0x0000000000000000)]
  0x0000000068dfb800 JavaThread "Timer-2045" [_thread_blocked, id=24932, stack(0x000000009dc00000,0x000000009dd00000)]
  0x0000000068dee800 JavaThread "Timer-2044" [_thread_new, id=24928, stack(0x0000000000000000,0x0000000000000000)]
  0x0000000068df3800 JavaThread "Timer-2043" [_thread_new, id=24924, stack(0x0000000000000000,0x0000000000000000)]
  0x0000000068df1800 JavaThread "Timer-2042" [_thread_blocked, id=24920, stack(0x000000009d900000,0x000000009da00000)]
  0x0000000068df5000 JavaThread "Timer-2041" [_thread_blocked, id=24916, stack(0x000000009d800000,0x000000009d900000)]
  0x0000000068df3000 JavaThread "Timer-2040" [_thread_blocked, id=24912, stack(0x000000009d700000,0x000000009d800000)]
  0x0000000068df0000 JavaThread "Timer-2039" [_thread_new, id=24908, stack(0x0000000000000000,0x0000000000000000)]
  0x0000000068df4800 JavaThread "Timer-2038" [_thread_new, id=24904, stack(0x0000000000000000,0x0000000000000000)]
  0x0000000068def000 JavaThread "Timer-2037" [_thread_blocked, id=24900, stack(0x000000009d400000,0x000000009d500000)]
  0x0000000068df2000 JavaThread "Timer-2036" [_thread_new, id=24896, stack(0x0000000000000000,0x0000000000000000)]
  0x0000000068df0800 JavaThread "Timer-2035" [_thread_blocked, id=24892, stack(0x000000009d200000,0x000000009d300000)]
  0x0000000068de7000 JavaThread "Timer-2034" [_thread_blocked, id=24888, stack(0x000000009d100000,0x000000009d200000)]
  0x0000000068ded800 JavaThread "Timer-2033" [_thread_new, id=24884, stack(0x0000000000000000,0x0000000000000000)]
  0x0000000068ded000 JavaThread "Timer-2032" [_thread_blocked, id=24880, stack(0x000000009cf00000,0x000000009d000000)]
  0x0000000068dec000 JavaThread "Timer-2031" [_thread_blocked, id=24876, stack(0x000000009ce00000,0x000000009cf00000)]
  0x0000000068de8800 JavaThread "Timer-2030" [_thread_new, id=24872, stack(0x0000000000000000,0x0000000000000000)]
  0x0000000068deb800 JavaThread "Timer-2029" [_thread_blocked, id=24868, stack(0x000000009cc00000,0x000000009cd00000)]
  0x0000000068de9000 JavaThread "Timer-2028" [_thread_blocked, id=24864, stack(0x000000009cb00000,0x000000009cc00000)]
  0x0000000068dea000 JavaThread "Timer-2027" [_thread_blocked, id=24860, stack(0x000000009ca00000,0x000000009cb00000)]
  0x0000000068de5800 JavaThread "Timer-2026" [_thread_new, id=24856, stack(0x0000000000000000,0x0000000000000000)]
  0x0000000068de4800 JavaThread "Timer-2025" [_thread_new, id=24852, stack(0x0000000000000000,0x0000000000000000)]
  0x0000000068de4000 JavaThread "Timer-2024" [_thread_blocked, id=24848, stack(0x000000009c700000,0x000000009c800000)]
  0x0000000068dea800 JavaThread "Timer-2023" [_thread_blocked, id=24844, stack(0x000000009c600000,0x000000009c700000)]
  0x0000000068de6000 JavaThread "Timer-2022" [_thread_blocked, id=24840, stack(0x000000009c500000,0x000000009c600000)]
  0x0000000068de2800 JavaThread "Timer-2021" [_thread_blocked, id=24836, stack(0x000000009c400000,0x000000009c500000)]
  0x0000000068de3000 JavaThread "Timer-2020" [_thread_blocked, id=24832, stack(0x000000009c300000,0x000000009c400000)]
  0x0000000068de7800 JavaThread "Timer-2019" [_thread_blocked, id=24828, stack(0x000000009c200000,0x000000009c300000)]
  0x0000000068ddb000 JavaThread "Timer-2018" [_thread_blocked, id=24824, stack(0x000000009bf00000,0x000000009c000000)]
  0x0000000068de1800 JavaThread "Timer-2017" [_thread_blocked, id=24820, stack(0x000000009be00000,0x000000009bf00000)]
  0x0000000068dda000 JavaThread "Timer-2016" [_thread_blocked, id=24816, stack(0x000000009bd00000,0x000000009be00000)]
  0x0000000068de1000 JavaThread "Timer-2015" [_thread_blocked, id=24812, stack(0x000000009bc00000,0x000000009bd00000)]
  0x0000000068dd9800 JavaThread "Timer-2014" [_thread_blocked, id=24808, stack(0x000000009bb00000,0x000000009bc00000)]
  0x0000000068de0000 JavaThread "Timer-2013" [_thread_blocked, id=24804, stack(0x000000009ba00000,0x000000009bb00000)]
  0x0000000068dde800 JavaThread "Timer-2012" [_thread_blocked, id=24800, stack(0x000000009b900000,0x000000009ba00000)]
  0x0000000068ddc800 JavaThread "Timer-2011" [_thread_blocked, id=24796, stack(0x000000009b800000,0x000000009b900000)]
  0x0000000068ddf800 JavaThread "Timer-2010" [_thread_blocked, id=24792, stack(0x000000009b700000,0x000000009b800000)]
  0x0000000068ddd000 JavaThread "Timer-2009" [_thread_blocked, id=24788, stack(0x000000009b600000,0x000000009b700000)]
  0x0000000068dd8000 JavaThread "Timer-2008" [_thread_blocked, id=24784, stack(0x000000009b500000,0x000000009b600000)]
  0x0000000068dd8800 JavaThread "Timer-2007" [_thread_blocked, id=24780, stack(0x000000009b400000,0x000000009b500000)]
  0x0000000068ddb800 JavaThread "Timer-2006" [_thread_blocked, id=24776, stack(0x000000009b300000,0x000000009b400000)]
  0x0000000068dd7000 JavaThread "Timer-2005" [_thread_blocked, id=24772, stack(0x000000009b200000,0x000000009b300000)]
  0x0000000068dde000 JavaThread "Timer-2004" [_thread_blocked, id=24768, stack(0x000000009b100000,0x000000009b200000)]
  0x0000000068dd0800 JavaThread "Timer-2003" [_thread_blocked, id=24764, stack(0x000000009b000000,0x000000009b100000)]
  0x0000000068dd6800 JavaThread "Timer-2002" [_thread_blocked, id=24760, stack(0x000000009af00000,0x000000009b000000)]
  0x0000000068dd2000 JavaThread "Timer-2001" [_thread_blocked, id=24756, stack(0x000000009ae00000,0x000000009af00000)]
  0x0000000068dd4000 JavaThread "Timer-2000" [_thread_blocked, id=24752, stack(0x000000009ad00000,0x000000009ae00000)]
  0x0000000068dd5800 JavaThread "Timer-1999" [_thread_blocked, id=24748, stack(0x000000009ac00000,0x000000009ad00000)]
  0x0000000068dd1000 JavaThread "Timer-1998" [_thread_blocked, id=24744, stack(0x000000009ab00000,0x000000009ac00000)]
  0x0000000068dd3800 JavaThread "Timer-1997" [_thread_blocked, id=24740, stack(0x000000009aa00000,0x000000009ab00000)]
  0x0000000068dd5000 JavaThread "Timer-1996" [_thread_blocked, id=24736, stack(0x000000009a900000,0x000000009aa00000)]
  0x0000000068dd2800 JavaThread "Timer-1995" [_thread_blocked, id=24732, stack(0x000000009a800000,0x000000009a900000)]
  0x0000000068e0a800 JavaThread "Timer-1994" [_thread_blocked, id=24728, stack(0x000000009a700000,0x000000009a800000)]
  0x0000000068e10800 JavaThread "Timer-1993" [_thread_blocked, id=24724, stack(0x000000009a600000,0x000000009a700000)]
  0x0000000068e09000 JavaThread "Timer-1992" [_thread_blocked, id=24720, stack(0x000000009a500000,0x000000009a600000)]
  0x0000000068e0f800 JavaThread "Timer-1991" [_thread_blocked, id=24716, stack(0x000000009a400000,0x000000009a500000)]
  0x0000000068e0b000 JavaThread "Timer-1990" [_thread_blocked, id=24712, stack(0x000000009a300000,0x000000009a400000)]
  0x0000000068e09800 JavaThread "Timer-1989" [_thread_blocked, id=24708, stack(0x000000009a200000,0x000000009a300000)]
  0x0000000068e0c800 JavaThread "Timer-1988" [_thread_blocked, id=24704, stack(0x000000009a100000,0x000000009a200000)]
  0x0000000068e08000 JavaThread "Timer-1987" [_thread_blocked, id=24700, stack(0x000000009a000000,0x000000009a100000)]
  0x0000000068e0d800 JavaThread "Timer-1986" [_thread_blocked, id=24696, stack(0x0000000099f00000,0x000000009a000000)]
  0x0000000068e0c000 JavaThread "Timer-1985" [_thread_blocked, id=24692, stack(0x0000000099e00000,0x0000000099f00000)]
  0x0000000068e0f000 JavaThread "Timer-1984" [_thread_blocked, id=24688, stack(0x0000000099d00000,0x0000000099e00000)]
  0x0000000068e0e000 JavaThread "Timer-1983" [_thread_blocked, id=24684, stack(0x0000000099c00000,0x0000000099d00000)]
  0x0000000068e00800 JavaThread "Timer-1982" [_thread_blocked, id=24680, stack(0x0000000099b00000,0x0000000099c00000)]
  0x0000000068e07800 JavaThread "Timer-1981" [_thread_blocked, id=24676, stack(0x0000000099a00000,0x0000000099b00000)]
  0x0000000068e06800 JavaThread "Timer-1980" [_thread_blocked, id=24672, stack(0x0000000099900000,0x0000000099a00000)]
  0x0000000068e03000 JavaThread "Timer-1979" [_thread_blocked, id=24668, stack(0x0000000099800000,0x0000000099900000)]
  0x0000000068e05000 JavaThread "Timer-1978" [_thread_blocked, id=24664, stack(0x0000000099700000,0x0000000099800000)]
  0x0000000068e06000 JavaThread "Timer-1977" [_thread_blocked, id=24660, stack(0x0000000099600000,0x0000000099700000)]
  0x0000000068e04800 JavaThread "Timer-1976" [_thread_blocked, id=24656, stack(0x0000000099500000,0x0000000099600000)]
  0x0000000068e01800 JavaThread "Timer-1975" [_thread_blocked, id=24652, stack(0x0000000099400000,0x0000000099500000)]
  0x0000000068e03800 JavaThread "Timer-1974" [_thread_blocked, id=24648, stack(0x0000000099300000,0x0000000099400000)]
  0x0000000068e02000 JavaThread "Timer-1973" [_thread_blocked, id=24644, stack(0x0000000099200000,0x0000000099300000)]
  0x0000000068d21000 JavaThread "Timer-1972" [_thread_blocked, id=24640, stack(0x0000000099100000,0x0000000099200000)]
  0x0000000068d20000 JavaThread "Timer-1971" [_thread_blocked, id=24636, stack(0x0000000099000000,0x0000000099100000)]
  0x0000000068d24800 JavaThread "Timer-1970" [_thread_blocked, id=24632, stack(0x0000000098f00000,0x0000000099000000)]
  0x0000000068d23000 JavaThread "Timer-1969" [_thread_blocked, id=24628, stack(0x0000000098e00000,0x0000000098f00000)]
  0x0000000068d26000 JavaThread "Timer-1968" [_thread_blocked, id=24624, stack(0x0000000098d00000,0x0000000098e00000)]
  0x0000000068d24000 JavaThread "Timer-1967" [_thread_blocked, id=24620, stack(0x0000000098c00000,0x0000000098d00000)]
  0x0000000068d1e800 JavaThread "Timer-1966" [_thread_blocked, id=24616, stack(0x0000000098b00000,0x0000000098c00000)]
  0x0000000068d1f800 JavaThread "Timer-1965" [_thread_blocked, id=24612, stack(0x0000000098a00000,0x0000000098b00000)]
  0x0000000068d22800 JavaThread "Timer-1964" [_thread_blocked, id=24608, stack(0x0000000098900000,0x0000000098a00000)]
  0x0000000068d25800 JavaThread "Timer-1963" [_thread_blocked, id=24604, stack(0x0000000098800000,0x0000000098900000)]
  0x0000000068d21800 JavaThread "Timer-1962" [_thread_blocked, id=24600, stack(0x0000000098700000,0x0000000098800000)]
  0x0000000068d17000 JavaThread "Timer-1961" [_thread_blocked, id=24596, stack(0x0000000098600000,0x0000000098700000)]
  0x0000000068d1e000 JavaThread "Timer-1960" [_thread_blocked, id=24592, stack(0x0000000098500000,0x0000000098600000)]
  0x0000000068d1d000 JavaThread "Timer-1959" [_thread_blocked, id=24588, stack(0x0000000098400000,0x0000000098500000)]
  0x0000000068d1b000 JavaThread "Timer-1958" [_thread_blocked, id=24584, stack(0x0000000098300000,0x0000000098400000)]
  0x0000000068d1c800 JavaThread "Timer-1957" [_thread_blocked, id=24580, stack(0x0000000098200000,0x0000000098300000)]
  0x0000000068d18800 JavaThread "Timer-1956" [_thread_blocked, id=24572, stack(0x0000000098100000,0x0000000098200000)]
  0x0000000068d1a000 JavaThread "Timer-1955" [_thread_blocked, id=24568, stack(0x0000000098000000,0x0000000098100000)]
  0x0000000068d1b800 JavaThread "Timer-1954" [_thread_blocked, id=24564, stack(0x0000000097f00000,0x0000000098000000)]
  0x0000000068d19800 JavaThread "Timer-1953" [_thread_blocked, id=24560, stack(0x0000000097e00000,0x0000000097f00000)]
  0x0000000068d18000 JavaThread "Timer-1952" [_thread_blocked, id=24556, stack(0x0000000097d00000,0x0000000097e00000)]
  0x0000000068d16800 JavaThread "Timer-1951" [_thread_blocked, id=24552, stack(0x0000000097c00000,0x0000000097d00000)]
  0x0000000068d15800 JavaThread "Timer-1950" [_thread_blocked, id=24548, stack(0x0000000097b00000,0x0000000097c00000)]
  0x0000000068d0e000 JavaThread "Timer-1949" [_thread_blocked, id=24544, stack(0x0000000097a00000,0x0000000097b00000)]
  0x0000000068d15000 JavaThread "Timer-1948" [_thread_blocked, id=24540, stack(0x0000000097900000,0x0000000097a00000)]
  0x0000000068d0d800 JavaThread "Timer-1947" [_thread_blocked, id=24536, stack(0x0000000097800000,0x0000000097900000)]
  0x0000000068d14000 JavaThread "Timer-1946" [_thread_blocked, id=24532, stack(0x0000000097700000,0x0000000097800000)]
  0x0000000068d10800 JavaThread "Timer-1945" [_thread_blocked, id=24528, stack(0x0000000097600000,0x0000000097700000)]
  0x0000000068d0c800 JavaThread "Timer-1944" [_thread_blocked, id=24524, stack(0x0000000097500000,0x0000000097600000)]
  0x0000000068d12800 JavaThread "Timer-1943" [_thread_blocked, id=24520, stack(0x0000000097400000,0x0000000097500000)]
  0x0000000068d13800 JavaThread "Timer-1942" [_thread_blocked, id=24516, stack(0x0000000097300000,0x0000000097400000)]
  0x0000000068d0b000 JavaThread "Timer-1941" [_thread_blocked, id=24512, stack(0x0000000097200000,0x0000000097300000)]
  0x0000000068d12000 JavaThread "Timer-1940" [_thread_blocked, id=24508, stack(0x0000000097100000,0x0000000097200000)]
  0x0000000068d11000 JavaThread "Timer-1939" [_thread_blocked, id=24504, stack(0x0000000097000000,0x0000000097100000)]
  0x0000000068d0f800 JavaThread "Timer-1938" [_thread_blocked, id=24500, stack(0x0000000096f00000,0x0000000097000000)]
  0x0000000068d0c000 JavaThread "Timer-1937" [_thread_blocked, id=24496, stack(0x0000000096e00000,0x0000000096f00000)]
  0x0000000068d0f000 JavaThread "Timer-1936" [_thread_blocked, id=24492, stack(0x0000000096d00000,0x0000000096e00000)]
  0x0000000068d03800 JavaThread "Timer-1935" [_thread_blocked, id=24488, stack(0x0000000096c00000,0x0000000096d00000)]
  0x0000000068d0a800 JavaThread "Timer-1934" [_thread_blocked, id=24484, stack(0x0000000096b00000,0x0000000096c00000)]
  0x0000000068d09800 JavaThread "Timer-1933" [_thread_blocked, id=24480, stack(0x0000000096a00000,0x0000000096b00000)]
  0x0000000068d02000 JavaThread "Timer-1932" [_thread_blocked, id=24476, stack(0x0000000096900000,0x0000000096a00000)]
  0x0000000068d05800 JavaThread "Timer-1931" [_thread_blocked, id=24472, stack(0x0000000096800000,0x0000000096900000)]
  0x0000000068d09000 JavaThread "Timer-1930" [_thread_blocked, id=24468, stack(0x0000000096700000,0x0000000096800000)]
  0x0000000068d08000 JavaThread "Timer-1929" [_thread_blocked, id=24464, stack(0x0000000096600000,0x0000000096700000)]
  0x0000000068d00800 JavaThread "Timer-1928" [_thread_blocked, id=24460, stack(0x0000000096500000,0x0000000096600000)]
  0x0000000068d07000 JavaThread "Timer-1927" [_thread_blocked, id=24456, stack(0x0000000096400000,0x0000000096500000)]
  0x0000000068d06800 JavaThread "Timer-1926" [_thread_blocked, id=24452, stack(0x0000000096300000,0x0000000096400000)]
  0x0000000068d01000 JavaThread "Timer-1925" [_thread_blocked, id=24448, stack(0x0000000096200000,0x0000000096300000)]
  0x0000000068d05000 JavaThread "Timer-1924" [_thread_blocked, id=24444, stack(0x0000000096100000,0x0000000096200000)]
  0x0000000068d02800 JavaThread "Timer-1923" [_thread_blocked, id=24440, stack(0x0000000096000000,0x0000000096100000)]
  0x0000000068d04000 JavaThread "Timer-1922" [_thread_blocked, id=24436, stack(0x0000000095f00000,0x0000000096000000)]
  0x0000000068cf9000 JavaThread "Timer-1921" [_thread_blocked, id=24432, stack(0x0000000095e00000,0x0000000095f00000)]
  0x0000000068cfc800 JavaThread "Timer-1920" [_thread_blocked, id=24428, stack(0x0000000095d00000,0x0000000095e00000)]
  0x0000000068cfc000 JavaThread "Timer-1919" [_thread_blocked, id=24424, stack(0x0000000095c00000,0x0000000095d00000)]
  0x0000000068cfb000 JavaThread "Timer-1918" [_thread_blocked, id=24420, stack(0x0000000095b00000,0x0000000095c00000)]
  0x0000000068cff800 JavaThread "Timer-1917" [_thread_blocked, id=24416, stack(0x0000000095a00000,0x0000000095b00000)]
  0x0000000068cff000 JavaThread "Timer-1916" [_thread_blocked, id=24412, stack(0x0000000095900000,0x0000000095a00000)]
  0x0000000068cfe000 JavaThread "Timer-1915" [_thread_blocked, id=24408, stack(0x0000000095800000,0x0000000095900000)]
  0x0000000068cf9800 JavaThread "Timer-1914" [_thread_blocked, id=24404, stack(0x0000000095700000,0x0000000095800000)]
  0x0000000068cfa800 JavaThread "Timer-1913" [_thread_blocked, id=24400, stack(0x0000000095600000,0x0000000095700000)]
  0x0000000068cfd800 JavaThread "Timer-1912" [_thread_blocked, id=24396, stack(0x0000000095500000,0x0000000095600000)]
  0x0000000068cf1800 JavaThread "Timer-1911" [_thread_blocked, id=24392, stack(0x0000000095400000,0x0000000095500000)]
  0x0000000068cf8000 JavaThread "Timer-1910" [_thread_blocked, id=24388, stack(0x0000000095300000,0x0000000095400000)]
  0x0000000068cf7800 JavaThread "Timer-1909" [_thread_blocked, id=24384, stack(0x0000000095200000,0x0000000095300000)]
  0x0000000068cf6800 JavaThread "Timer-1908" [_thread_blocked, id=24380, stack(0x0000000095100000,0x0000000095200000)]
  0x0000000068cf6000 JavaThread "Timer-1907" [_thread_blocked, id=24376, stack(0x0000000095000000,0x0000000095100000)]
  0x0000000068cf5000 JavaThread "Timer-1906" [_thread_blocked, id=24372, stack(0x0000000094f00000,0x0000000095000000)]
  0x0000000068cf4800 JavaThread "Timer-1905" [_thread_blocked, id=24368, stack(0x0000000094e00000,0x0000000094f00000)]
  0x0000000068cf3800 JavaThread "Timer-1904" [_thread_blocked, id=24364, stack(0x0000000094d00000,0x0000000094e00000)]
  0x0000000068cf2000 JavaThread "Timer-1903" [_thread_blocked, id=24360, stack(0x0000000094c00000,0x0000000094d00000)]
  0x0000000068cf0800 JavaThread "Timer-1902" [_thread_blocked, id=24356, stack(0x0000000094b00000,0x0000000094c00000)]
  0x0000000068cf3000 JavaThread "Timer-1901" [_thread_blocked, id=24352, stack(0x0000000094a00000,0x0000000094b00000)]
  0x0000000068ce9000 JavaThread "Timer-1900" [_thread_blocked, id=24348, stack(0x0000000094900000,0x0000000094a00000)]
  0x0000000068cec000 JavaThread "Timer-1899" [_thread_blocked, id=24344, stack(0x0000000094800000,0x0000000094900000)]
  0x0000000068ceb800 JavaThread "Timer-1898" [_thread_blocked, id=24340, stack(0x0000000094700000,0x0000000094800000)]
  0x0000000068cf0000 JavaThread "Timer-1897" [_thread_blocked, id=24336, stack(0x0000000094600000,0x0000000094700000)]
  0x0000000068cef000 JavaThread "Timer-1896" [_thread_blocked, id=24332, stack(0x0000000094500000,0x0000000094600000)]
  0x0000000068cea800 JavaThread "Timer-1895" [_thread_blocked, id=24328, stack(0x0000000094400000,0x0000000094500000)]
  0x0000000068ce8800 JavaThread "Timer-1894" [_thread_blocked, id=24324, stack(0x0000000094300000,0x0000000094400000)]
  0x0000000068ce7800 JavaThread "Timer-1893" [_thread_blocked, id=24320, stack(0x0000000094200000,0x0000000094300000)]
  0x0000000068ced800 JavaThread "Timer-1892" [_thread_blocked, id=24316, stack(0x0000000094100000,0x0000000094200000)]
  0x0000000068cee800 JavaThread "Timer-1891" [_thread_blocked, id=24312, stack(0x0000000094000000,0x0000000094100000)]
  0x0000000068ced000 JavaThread "Timer-1890" [_thread_blocked, id=24308, stack(0x0000000093f00000,0x0000000094000000)]
  0x0000000068cea000 JavaThread "Timer-1889" [_thread_blocked, id=24304, stack(0x0000000093e00000,0x0000000093f00000)]
  0x0000000068ce7000 JavaThread "Timer-1888" [_thread_blocked, id=24300, stack(0x0000000093d00000,0x0000000093e00000)]
  0x0000000068c40000 JavaThread "Timer-1887" [_thread_blocked, id=24296, stack(0x0000000093c00000,0x0000000093d00000)]
  0x0000000068c43000 JavaThread "Timer-1886" [_thread_blocked, id=24292, stack(0x0000000093b00000,0x0000000093c00000)]
  0x0000000068c41800 JavaThread "Timer-1885" [_thread_blocked, id=24288, stack(0x0000000093a00000,0x0000000093b00000)]
  0x0000000068c3f800 JavaThread "Timer-1884" [_thread_blocked, id=24284, stack(0x0000000093900000,0x0000000093a00000)]
  0x0000000068c41000 JavaThread "Timer-1883" [_thread_blocked, id=24280, stack(0x0000000093800000,0x0000000093900000)]
  0x0000000068c42800 JavaThread "Timer-1882" [_thread_blocked, id=24276, stack(0x0000000093700000,0x0000000093800000)]
  0x0000000068c3e800 JavaThread "Timer-1881" [_thread_blocked, id=24272, stack(0x0000000093600000,0x0000000093700000)]
  0x0000000068c3e000 JavaThread "Timer-1880" [_thread_blocked, id=24268, stack(0x0000000093500000,0x0000000093600000)]
  0x0000000068c36800 JavaThread "Timer-1879" [_thread_blocked, id=24264, stack(0x0000000093400000,0x0000000093500000)]
  0x0000000068c3b000 JavaThread "Timer-1878" [_thread_blocked, id=24260, stack(0x0000000093300000,0x0000000093400000)]
  0x0000000068c3d000 JavaThread "Timer-1877" [_thread_blocked, id=24256, stack(0x0000000093200000,0x0000000093300000)]
  0x0000000068c3a000 JavaThread "Timer-1876" [_thread_blocked, id=24252, stack(0x0000000093100000,0x0000000093200000)]
  0x0000000068c38800 JavaThread "Timer-1875" [_thread_blocked, id=24248, stack(0x0000000093000000,0x0000000093100000)]
  0x0000000068c38000 JavaThread "Timer-1874" [_thread_blocked, id=24244, stack(0x0000000092f00000,0x0000000093000000)]
  0x0000000068c3c800 JavaThread "Timer-1873" [_thread_blocked, id=24240, stack(0x0000000092e00000,0x0000000092f00000)]
  0x0000000068c3b800 JavaThread "Timer-1872" [_thread_blocked, id=24236, stack(0x0000000092d00000,0x0000000092e00000)]
  0x0000000068c34000 JavaThread "Timer-1871" [_thread_blocked, id=24232, stack(0x0000000092c00000,0x0000000092d00000)]
  0x0000000068c35000 JavaThread "Timer-1870" [_thread_blocked, id=24228, stack(0x0000000092b00000,0x0000000092c00000)]
  0x0000000068c37000 JavaThread "Timer-1869" [_thread_blocked, id=24224, stack(0x0000000092a00000,0x0000000092b00000)]
  0x0000000068c35800 JavaThread "Timer-1868" [_thread_blocked, id=24220, stack(0x0000000092900000,0x0000000092a00000)]
  0x0000000068c39800 JavaThread "Timer-1867" [_thread_blocked, id=24216, stack(0x0000000092800000,0x0000000092900000)]
